<?xml version="1.0" encoding="UTF-8"?>
<!-- Generated by org.testng.reporters.JUnitXMLReporter -->
<testsuite hostname="DESKTOP-GFJSI9L" ignored="0" name="Test" tests="2" failures="1" timestamp="30 Sep 2018 20:13:07 GMT" time="44.225" errors="0">
  <testcase name="createLead" time="16.853" classname="testcasesPOM.TC001_CreateLead">
    <failure type="java.lang.NullPointerException">
      <![CDATA[java.lang.NullPointerException
at org.openqa.selenium.support.pagefactory.internal.LocatingElementHandler.invoke(LocatingElementHandler.java:51)
at com.sun.proxy.$Proxy15.toString(Unknown Source)
at java.lang.String.valueOf(Unknown Source)
at java.lang.StringBuilder.append(Unknown Source)
at org.openqa.selenium.support.ui.ExpectedConditions$23.toString(ExpectedConditions.java:699)
at java.lang.String.valueOf(Unknown Source)
at java.lang.StringBuilder.append(Unknown Source)
at org.openqa.selenium.support.ui.FluentWait.until(FluentWait.java:267)
at wdMethods.SeMethods.click(SeMethods.java:106)
at pagesPOM.HomePage.clickCRM(HomePage.java:20)
at testcasesPOM.TC001_CreateLead.createLead(TC001_CreateLead.java:27)
at java.util.concurrent.FutureTask.run(Unknown Source)
at java.util.concurrent.Executors$RunnableAdapter.call(Unknown Source)
at java.util.concurrent.FutureTask.run(Unknown Source)
at java.util.concurrent.ThreadPoolExecutor.runWorker(Unknown Source)
at java.util.concurrent.ThreadPoolExecutor$Worker.run(Unknown Source)
at java.lang.Thread.run(Unknown Source)
... Removed 13 stack frames]]>
    </failure>
  </testcase> <!-- createLead -->
  <testcase name="createLead" time="37.152" classname="testcasesPOM.TC001_CreateLead"/>
</testsuite> <!-- Test -->
