<?xml version="1.0" encoding="UTF-8"?>
<!-- Generated by org.testng.reporters.JUnitXMLReporter -->
<testsuite hostname="DESKTOP-GFJSI9L" ignored="12" name="Test" tests="2" failures="0" timestamp="23 Sep 2018 05:09:57 GMT" time="40.052" errors="0">
  <testcase name="createLead" time="7.218" classname="week6.day1.TC002_CreateLead"/>
  <testcase name="createLead" time="8.024" classname="week6.day1.TC002_CreateLead"/>
  <testcase name="editLead" time="0.0" classname="week6.day1.TC003_EditLead">
    <ignored/>
  </testcase> <!-- editLead -->
  <testcase name="duplicateLead" time="0.0" classname="week6.day1.TC005_DuplicateLead">
    <ignored/>
  </testcase> <!-- duplicateLead -->
  <testcase name="@BeforeSuite beforeSuite" time="0.0" classname="wdMethods.ProjectMethods">
    <ignored/>
  </testcase> <!-- @BeforeSuite beforeSuite -->
  <testcase name="@BeforeSuite beforeSuite" time="0.0" classname="wdMethods.ProjectMethods">
    <ignored/>
  </testcase> <!-- @BeforeSuite beforeSuite -->
  <testcase name="@BeforeSuite beforeSuite" time="0.0" classname="wdMethods.ProjectMethods">
    <ignored/>
  </testcase> <!-- @BeforeSuite beforeSuite -->
  <testcase name="@BeforeSuite beforeSuite" time="0.0" classname="wdMethods.ProjectMethods">
    <ignored/>
  </testcase> <!-- @BeforeSuite beforeSuite -->
  <testcase name="@AfterSuite afterSuite" time="0.0" classname="wdMethods.ProjectMethods">
    <ignored/>
  </testcase> <!-- @AfterSuite afterSuite -->
  <testcase name="@AfterSuite afterSuite" time="0.0" classname="wdMethods.ProjectMethods">
    <ignored/>
  </testcase> <!-- @AfterSuite afterSuite -->
  <testcase name="@AfterSuite afterSuite" time="0.0" classname="wdMethods.ProjectMethods">
    <ignored/>
  </testcase> <!-- @AfterSuite afterSuite -->
  <testcase name="@AfterSuite afterSuite" time="0.0" classname="wdMethods.ProjectMethods">
    <ignored/>
  </testcase> <!-- @AfterSuite afterSuite -->
  <testcase name="mergeLead" time="0.0" classname="week6.day1.TC006_MergeLead">
    <ignored/>
  </testcase> <!-- mergeLead -->
  <testcase name="deleteLead" time="0.0" classname="week6.day1.TC004_DeleteLead">
    <ignored/>
  </testcase> <!-- deleteLead -->
</testsuite> <!-- Test -->
