<?xml version="1.0" encoding="UTF-8"?>
<testng-results skipped="0" failed="0" ignored="12" total="14" passed="2">
  <reporter-output>
  </reporter-output>
  <suite name="Suite" duration-ms="40052" started-at="2018-09-23T05:09:17Z" finished-at="2018-09-23T05:09:57Z">
    <groups>
      <group name="smoke">
        <method signature="TC002_CreateLead.createLead(java.lang.String, java.lang.String, java.lang.String)[pri:0, instance:week6.day1.TC002_CreateLead@10366b4]" name="createLead" class="week6.day1.TC002_CreateLead"/>
      </group> <!-- smoke -->
    </groups>
    <test name="Test" duration-ms="40052" started-at="2018-09-23T05:09:17Z" finished-at="2018-09-23T05:09:57Z">
      <class name="week6.day1.TC002_CreateLead">
        <test-method status="PASS" signature="beforeSuite()[pri:0, instance:week6.day1.TC002_CreateLead@10366b4]" name="beforeSuite" is-config="true" duration-ms="109" started-at="2018-09-23T05:09:17Z" finished-at="2018-09-23T05:09:17Z">
          <reporter-output>
          </reporter-output>
        </test-method> <!-- beforeSuite -->
        <test-method status="PASS" signature="setData()[pri:0, instance:week6.day1.TC002_CreateLead@10366b4]" name="setData" is-config="true" duration-ms="0" started-at="2018-09-23T05:09:17Z" finished-at="2018-09-23T05:09:17Z">
          <reporter-output>
          </reporter-output>
        </test-method> <!-- setData -->
        <test-method status="PASS" signature="beforeClass()[pri:0, instance:week6.day1.TC002_CreateLead@10366b4]" name="beforeClass" is-config="true" duration-ms="16" started-at="2018-09-23T05:09:17Z" finished-at="2018-09-23T05:09:17Z">
          <reporter-output>
          </reporter-output>
        </test-method> <!-- beforeClass -->
        <test-method status="PASS" signature="login(java.lang.String, java.lang.String, java.lang.String)[pri:0, instance:week6.day1.TC002_CreateLead@10366b4]" name="login" is-config="true" duration-ms="12016" started-at="2018-09-23T05:09:17Z" finished-at="2018-09-23T05:09:29Z">
          <params>
            <param index="0">
              <value>
                <![CDATA[http://leaftaps.com/opentaps]]>
              </value>
            </param>
            <param index="1">
              <value>
                <![CDATA[DemoSalesManager]]>
              </value>
            </param>
            <param index="2">
              <value>
                <![CDATA[crmsfa]]>
              </value>
            </param>
          </params>
          <reporter-output>
          </reporter-output>
        </test-method> <!-- login -->
        <test-method status="PASS" signature="createLead(java.lang.String, java.lang.String, java.lang.String)[pri:0, instance:week6.day1.TC002_CreateLead@10366b4]" name="createLead" duration-ms="7218" started-at="2018-09-23T05:09:29Z" data-provider="a" finished-at="2018-09-23T05:09:37Z">
          <params>
            <param index="0">
              <value>
                <![CDATA[Facebook]]>
              </value>
            </param>
            <param index="1">
              <value>
                <![CDATA[Ram]]>
              </value>
            </param>
            <param index="2">
              <value>
                <![CDATA[J]]>
              </value>
            </param>
          </params>
          <reporter-output>
          </reporter-output>
        </test-method> <!-- createLead -->
        <test-method status="PASS" signature="closeApp()[pri:0, instance:week6.day1.TC002_CreateLead@10366b4]" name="closeApp" is-config="true" duration-ms="2123" started-at="2018-09-23T05:09:37Z" finished-at="2018-09-23T05:09:39Z">
          <reporter-output>
          </reporter-output>
        </test-method> <!-- closeApp -->
        <test-method status="PASS" signature="login(java.lang.String, java.lang.String, java.lang.String)[pri:0, instance:week6.day1.TC002_CreateLead@10366b4]" name="login" is-config="true" duration-ms="8094" started-at="2018-09-23T05:09:39Z" finished-at="2018-09-23T05:09:47Z">
          <params>
            <param index="0">
              <value>
                <![CDATA[http://leaftaps.com/opentaps]]>
              </value>
            </param>
            <param index="1">
              <value>
                <![CDATA[DemoSalesManager]]>
              </value>
            </param>
            <param index="2">
              <value>
                <![CDATA[crmsfa]]>
              </value>
            </param>
          </params>
          <reporter-output>
          </reporter-output>
        </test-method> <!-- login -->
        <test-method status="PASS" signature="createLead(java.lang.String, java.lang.String, java.lang.String)[pri:0, instance:week6.day1.TC002_CreateLead@10366b4]" name="createLead" duration-ms="8024" started-at="2018-09-23T05:09:47Z" data-provider="a" finished-at="2018-09-23T05:09:55Z">
          <params>
            <param index="0">
              <value>
                <![CDATA[Google]]>
              </value>
            </param>
            <param index="1">
              <value>
                <![CDATA[Rajesh]]>
              </value>
            </param>
            <param index="2">
              <value>
                <![CDATA[K]]>
              </value>
            </param>
          </params>
          <reporter-output>
          </reporter-output>
        </test-method> <!-- createLead -->
        <test-method status="PASS" signature="closeApp()[pri:0, instance:week6.day1.TC002_CreateLead@10366b4]" name="closeApp" is-config="true" duration-ms="2109" started-at="2018-09-23T05:09:55Z" finished-at="2018-09-23T05:09:57Z">
          <reporter-output>
          </reporter-output>
        </test-method> <!-- closeApp -->
        <test-method status="PASS" signature="afterSuite()[pri:0, instance:week6.day1.TC002_CreateLead@10366b4]" name="afterSuite" is-config="true" duration-ms="250" started-at="2018-09-23T05:09:57Z" finished-at="2018-09-23T05:09:57Z">
          <reporter-output>
          </reporter-output>
        </test-method> <!-- afterSuite -->
      </class> <!-- week6.day1.TC002_CreateLead -->
    </test> <!-- Test -->
  </suite> <!-- Suite -->
</testng-results>
