<?xml version="1.0" encoding="UTF-8"?>
<testng-results skipped="0" failed="0" ignored="0" total="2" passed="2">
  <reporter-output>
  </reporter-output>
  <suite name="Suite" duration-ms="23947" started-at="2018-09-29T19:36:49Z" finished-at="2018-09-29T19:37:13Z">
    <groups>
    </groups>
    <test name="Test" duration-ms="23947" started-at="2018-09-29T19:36:49Z" finished-at="2018-09-29T19:37:13Z">
      <class name="testcasesPOM.TC001_CreateLead">
        <test-method status="PASS" signature="beforeSuite()[pri:0, instance:testcasesPOM.TC001_CreateLead@17b4f4c]" name="beforeSuite" is-config="true" duration-ms="120" started-at="2018-09-29T19:36:49Z" finished-at="2018-09-29T19:36:49Z">
          <reporter-output>
          </reporter-output>
        </test-method> <!-- beforeSuite -->
        <test-method status="PASS" signature="setData()[pri:0, instance:testcasesPOM.TC001_CreateLead@17b4f4c]" name="setData" is-config="true" duration-ms="1" started-at="2018-09-29T19:36:49Z" finished-at="2018-09-29T19:36:49Z">
          <reporter-output>
          </reporter-output>
        </test-method> <!-- setData -->
        <test-method status="PASS" signature="beforeClass()[pri:0, instance:testcasesPOM.TC001_CreateLead@17b4f4c]" name="beforeClass" is-config="true" duration-ms="12" started-at="2018-09-29T19:36:49Z" finished-at="2018-09-29T19:36:49Z">
          <reporter-output>
          </reporter-output>
        </test-method> <!-- beforeClass -->
        <test-method status="PASS" signature="login(java.lang.String)[pri:0, instance:testcasesPOM.TC001_CreateLead@17b4f4c]" name="login" is-config="true" duration-ms="4007" started-at="2018-09-29T19:36:49Z" finished-at="2018-09-29T19:36:53Z">
          <params>
            <param index="0">
              <value>
                <![CDATA[http://leaftaps.com/opentaps]]>
              </value>
            </param>
          </params>
          <reporter-output>
          </reporter-output>
        </test-method> <!-- login -->
        <test-method status="PASS" signature="createLead(java.lang.String, java.lang.String, java.lang.String)[pri:0, instance:testcasesPOM.TC001_CreateLead@17b4f4c]" name="createLead" duration-ms="5919" started-at="2018-09-29T19:36:53Z" data-provider="setData" finished-at="2018-09-29T19:36:59Z">
          <params>
            <param index="0">
              <value>
                <![CDATA[Ram]]>
              </value>
            </param>
            <param index="1">
              <value>
                <![CDATA[J]]>
              </value>
            </param>
            <param index="2">
              <value>
                <![CDATA[Facebook]]>
              </value>
            </param>
          </params>
          <reporter-output>
          </reporter-output>
        </test-method> <!-- createLead -->
        <test-method status="PASS" signature="closeApp()[pri:0, instance:testcasesPOM.TC001_CreateLead@17b4f4c]" name="closeApp" is-config="true" duration-ms="2074" started-at="2018-09-29T19:36:59Z" finished-at="2018-09-29T19:37:01Z">
          <reporter-output>
          </reporter-output>
        </test-method> <!-- closeApp -->
        <test-method status="PASS" signature="login(java.lang.String)[pri:0, instance:testcasesPOM.TC001_CreateLead@17b4f4c]" name="login" is-config="true" duration-ms="3640" started-at="2018-09-29T19:37:01Z" finished-at="2018-09-29T19:37:05Z">
          <params>
            <param index="0">
              <value>
                <![CDATA[http://leaftaps.com/opentaps]]>
              </value>
            </param>
          </params>
          <reporter-output>
          </reporter-output>
        </test-method> <!-- login -->
        <test-method status="PASS" signature="createLead(java.lang.String, java.lang.String, java.lang.String)[pri:0, instance:testcasesPOM.TC001_CreateLead@17b4f4c]" name="createLead" duration-ms="5759" started-at="2018-09-29T19:37:05Z" data-provider="setData" finished-at="2018-09-29T19:37:11Z">
          <params>
            <param index="0">
              <value>
                <![CDATA[Rajesh]]>
              </value>
            </param>
            <param index="1">
              <value>
                <![CDATA[K]]>
              </value>
            </param>
            <param index="2">
              <value>
                <![CDATA[Google]]>
              </value>
            </param>
          </params>
          <reporter-output>
          </reporter-output>
        </test-method> <!-- createLead -->
        <test-method status="PASS" signature="closeApp()[pri:0, instance:testcasesPOM.TC001_CreateLead@17b4f4c]" name="closeApp" is-config="true" duration-ms="2076" started-at="2018-09-29T19:37:11Z" finished-at="2018-09-29T19:37:13Z">
          <reporter-output>
          </reporter-output>
        </test-method> <!-- closeApp -->
        <test-method status="PASS" signature="afterSuite()[pri:0, instance:testcasesPOM.TC001_CreateLead@17b4f4c]" name="afterSuite" is-config="true" duration-ms="266" started-at="2018-09-29T19:37:13Z" finished-at="2018-09-29T19:37:13Z">
          <reporter-output>
          </reporter-output>
        </test-method> <!-- afterSuite -->
      </class> <!-- testcasesPOM.TC001_CreateLead -->
    </test> <!-- Test -->
  </suite> <!-- Suite -->
</testng-results>
